Arguments: 
  C:\PROGRAM FILES\NODEJS\node.exe c:\Program Files (x86)\Yarn\bin\yarn.js test

PATH: 
  C:\PROGRAMDATA\ORACLE\JAVA\JAVAPATH;C:\PROGRAM FILES\IMAGEMAGICK-7.0.2-Q16;C:\PYTHON34\;C:\PYTHON34\SCRIPTS;C:\PROGRAM FILES\GRAPHICSMAGICK-1.3.19-Q16;C:\WINDOWS\SYSTEM32;C:\WINDOWS;C:\WINDOWS\SYSTEM32\WBEM;C:\WINDOWS\SYSTEM32\WINDOWSPOWERSHELL\V1.0\;C:\PROGRAM FILES (X86)\INTEL\SERVICES\IPT\;C:\PROGRAM FILES\MICROSOFT WINDOWS PERFORMANCE TOOLKIT\;C:\PROGRAM FILES (X86)\INTEL\OPENCL SDK\2.0\BIN\X86;C:\PROGRAM FILES (X86)\INTEL\OPENCL SDK\2.0\BIN\X64;C:\PROGRAM FILES (X86)\QUICKTIME\QTSYSTEM\;C:\PROGRAM FILES (X86)\LENOVO\ACCESS CONNECTIONS\;C:\PROGRAM FILES\WINDOWS IMAGING\;C:\PROGRAM FILES (X86)\VISICUT;C:\PROGRAM FILES (X86)\COMMON FILES\ACRONIS\SNAPAPI\;C:\PROGRAM FILES (X86)\PDFTK\BIN\;C:\PROGRAM FILES\GNUPLOT\BIN;C:\PROGRAM FILES\INTEL\WIFI\BIN\;C:\PROGRAM FILES\COMMON FILES\INTEL\WIRELESSCOMMON\;C:\PROGRAM FILES (X86)\WINDOWS KITS\8.1\WINDOWS PERFORMANCE TOOLKIT\;C:\PROGRAM FILES\MICROSOFT SQL SERVER\110\TOOLS\BINN\;C:\PROGRAM FILES (X86)\MICROSOFT SDKS\TYPESCRIPT\1.0\;C:\PROGRAM FILES\MICROSOFT SQL SERVER\120\TOOLS\BINN\;C:\PROGRAM FILES (X86)\SKYPE\PHONE\;C:\PROGRAM FILES\TORTOISEHG\;C:\PROGRAM FILES (X86)\INTEL\OPENCL SDK\2.0\BIN\X86;C:\PROGRAM FILES (X86)\INTEL\OPENCL SDK\2.0\BIN\X64;;C:\PROGRAM FILES\PUTTY\;C:\PROGRAM FILES\GIT\CMD;C:\PROGRAM FILES\NODEJS\;C:\PROGRAM FILES (X86)\YARN\BIN\;C:\PROGRAM FILES (X86)\GPG4WIN\..\GNUPG\BIN;C:\PROGRAM FILES (X86)\INTEL\OPENCL SDK\2.0\BIN\X86;C:\PROGRAM FILES (X86)\INTEL\OPENCL SDK\2.0\BIN\X64;C:\Program Files\ThinkPad\Bluetooth Software\;C:\Program Files\ThinkPad\Bluetooth Software\syswow64;;C:\Program Files (x86)\Gpg4win\..\GnuPG\bin;C:\Ruby25-x64\bin;C:\PROGRAMDATA\ORACLE\JAVA\JAVAPATH;C:\PROGRAM FILES\IMAGEMAGICK-7.0.2-Q16;C:\PYTHON34\;C:\PYTHON34\SCRIPTS;C:\PROGRAM FILES\GRAPHICSMAGICK-1.3.19-Q16;C:\WINDOWS\SYSTEM32;C:\WINDOWS;C:\WINDOWS\SYSTEM32\WBEM;C:\WINDOWS\SYSTEM32\WINDOWSPOWERSHELL\V1.0\;C:\PROGRAM FILES (X86)\INTEL\SERVICES\IPT\;C:\PROGRAM FILES\MICROSOFT WINDOWS PERFORMANCE TOOLKIT\;C:\PROGRAM FILES (X86)\INTEL\OPENCL SDK\2.0\BIN\X86;C:\PROGRAM FILES (X86)\INTEL\OPENCL SDK\2.0\BIN\X64;C:\PROGRAM FILES (X86)\QUICKTIME\QTSYSTEM\;C:\PROGRAM FILES (X86)\LENOVO\ACCESS CONNECTIONS\;C:\PROGRAM FILES\WINDOWS IMAGING\;C:\PROGRAM FILES (X86)\VISICUT;C:\PROGRAM FILES (X86)\COMMON FILES\ACRONIS\SNAPAPI\;C:\PROGRAM FILES (X86)\PDFTK\BIN\;C:\PROGRAM FILES\GNUPLOT\BIN;C:\PROGRAM FILES\INTEL\WIFI\BIN\;C:\PROGRAM FILES\COMMON FILES\INTEL\WIRELESSCOMMON\;C:\PROGRAM FILES (X86)\WINDOWS KITS\8.1\WINDOWS PERFORMANCE TOOLKIT\;C:\PROGRAM FILES\MICROSOFT SQL SERVER\110\TOOLS\BINN\;C:\PROGRAM FILES (X86)\MICROSOFT SDKS\TYPESCRIPT\1.0\;C:\PROGRAM FILES\MICROSOFT SQL SERVER\120\TOOLS\BINN\;C:\PROGRAM FILES (X86)\SKYPE\PHONE\;C:\PROGRAM FILES\TORTOISEHG\;C:\PROGRAM FILES (X86)\INTEL\OPENCL SDK\2.0\BIN\X86;C:\PROGRAM FILES (X86)\INTEL\OPENCL SDK\2.0\BIN\X64;;C:\PROGRAM FILES\PUTTY\;C:\PROGRAM FILES\GIT\CMD;C:\PROGRAM FILES\NODEJS\;C:\PROGRAM FILES (X86)\YARN\BIN\;C:\PROGRAM FILES (X86)\GPG4WIN\..\GNUPG\BIN;C:\PROGRAM FILES (X86)\INTEL\OPENCL SDK\2.0\BIN\X86;C:\PROGRAM FILES (X86)\INTEL\OPENCL SDK\2.0\BIN\X64;C:\Program Files\ThinkPad\Bluetooth Software\;C:\Program Files\ThinkPad\Bluetooth Software\syswow64;;C:\Program Files (x86)\Gpg4win\..\GnuPG\bin;C:\Program Files (x86)\gs\gs9.19\bin;C:\Program Files (x86)\GnuWin32\bin;C:\Program Files (x86)\ezwinports\bin;C:\Program Files (x86)\PuTTY;C:\Users\Felix\AppData\Local\Android\android-sdk\platform-tools;C:\Users\Felix\AppData\Roaming\npm;C:\Program Files (x86)\Google\google_appengine\;C:\Users\Felix\AppData\Roaming\npm;C:\Users\Felix\AppData\Local\Yarn\bin;C:\Program Files (x86)\bin;C:\Program Files\bin;C:\Program Files (x86)\AutoIt3\Aut2Exe;C:\ProgramData\curl\bin;C:\Program Files (x86)\gnuplot\bin;C:\maxima-5.42.1\bin;C:\Users\Felix\AppData\Local\Programs\MiKTeX 2.9\miktex\bin\x64\

Yarn version: 
  1.5.1

Node version: 
  8.10.0

Platform: 
  win32 x64

npm manifest: 
  No manifest

yarn manifest: 
  No manifest

Lockfile: 
  No lockfile

Trace: 
  Error: Couldn't find a package.json file in "c:\\Scratch\\san"
      at new MessageError (c:\Program Files (x86)\Yarn\lib\cli.js:186:110)
      at c:\Program Files (x86)\Yarn\lib\cli.js:40048:15
      at Generator.next (<anonymous>)
      at step (c:\Program Files (x86)\Yarn\lib\cli.js:98:30)
      at c:\Program Files (x86)\Yarn\lib\cli.js:109:13
      at <anonymous>
